{"UtcTime":"2026-04-06T09:05:00","EventID":3,"SourceIp":"10.0.0.60","DestinationIp":"10.0.0.10","SourcePort":52000,"DestinationPort":23,"Protocol":"tcp"}
{"UtcTime":"2026-04-06T09:05:02","EventID":3,"SourceIp":"10.0.0.60","DestinationIp":"10.0.0.10","SourcePort":52001,"DestinationPort":445,"Protocol":"tcp"}
{"UtcTime":"2026-04-06T09:05:04","EventID":3,"SourceIp":"10.0.0.60","DestinationIp":"10.0.0.10","SourcePort":52002,"DestinationPort":3389,"Protocol":"tcp"}
